<?xml version="1.0" encoding="UTF-8"?>
<!-- Generated by org.testng.reporters.JUnitReportReporter -->
<testsuite hostname="WELCOME" failures="0" tests="1" name="com.adactin.pageObjects.BookingConfirmation" time="3.763" errors="0" timestamp="13 Apr 2021 11:12:47 GMT">
  <testcase classname="com.adactin.pageObjects.BookingConfirmation" name="allPages" time="3.763"/>
</testsuite> <!-- com.adactin.pageObjects.BookingConfirmation -->
