<?xml version="1.0" encoding="UTF-8"?>
<!-- Generated by org.testng.reporters.JUnitReportReporter -->
<testsuite hostname="WELCOME" failures="0" tests="1" name="com.adactin.pageObjects.BookedItinerary" time="13.837" errors="0" timestamp="15 Apr 2021 02:07:19 GMT">
  <testcase classname="com.adactin.pageObjects.BookedItinerary" name="allPages" time="13.837"/>
</testsuite> <!-- com.adactin.pageObjects.BookedItinerary -->
