<?xml version="1.0" encoding="UTF-8"?>
<!-- Generated by org.testng.reporters.JUnitReportReporter -->
<testsuite hostname="WELCOME" failures="0" tests="1" name="com.adactin.pageObjects.TestBase" time="19.265" errors="0" timestamp="2021-04-15T15:56:46 AEST" skipped="0">
  <testcase classname="com.adactin.pageObjects.TestBase" name="allPages" time="19.265"/>
  <system-out/>
</testsuite> <!-- com.adactin.pageObjects.TestBase -->
