<?xml version="1.0" encoding="UTF-8"?>
<!-- Generated by org.testng.reporters.JUnitReportReporter -->
<testsuite hostname="WELCOME" failures="0" tests="1" name="com.adactin.pageObjects.SearchHotel" time="3.155" errors="0" timestamp="15 Apr 2021 00:41:26 GMT">
  <testcase classname="com.adactin.pageObjects.SearchHotel" name="allPages" time="3.155"/>
</testsuite> <!-- com.adactin.pageObjects.SearchHotel -->
